==> 🌎  Listening on port 3100. Open up http://localhost:3100/ in your browser.
==> 🌎  Listening on port 3100. Open up http://localhost:3100/ in your browser.
==> 🌎  Listening on port 3100. Open up http://localhost:3100/ in your browser.
==> 🌎  Listening on port 3100. Open up http://localhost:3100/ in your browser.
2017-01-06T05:21:36.656Z - [32minfo[39m: HTTP GET / statusCode=304, url=/, if-none-match=W/"2d6-hXhMOHHooQe+xstRJrrAXg", cookie=Idea-6fe188c1=6d558218-ad5c-4b93-a5c2-dee688c62ac6; connect.sid=s%3AsZrzhydIyDTi71REQVtplCYxlo-0KyK2.4VClZAdOuvXV77sutipW1VpJqaA3UE4xjNODEtcJuFc; user=developer%40nationstar.com; name=%20, accept-language=en-US,en;q=0.8, accept-encoding=gzip, deflate, sdch, br, accept=text/html,application/xhtml+xml,application/xml;q=0.9,image/webp,*/*;q=0.8, user-agent=Mozilla/5.0 (Macintosh; Intel Mac OS X 10_12_2) AppleWebKit/537.36 (KHTML, like Gecko) Chrome/55.0.2883.95 Safari/537.36, upgrade-insecure-requests=1, cache-control=max-age=0, connection=close, host=localhost:8100, method=GET, httpVersion=1.1, originalUrl=/, , requestId=f0f17a5f-e688-425b-9eb7-10e97774df76, userId=developer@nationstar.com, responseTime=239
2017-01-06T05:21:38.014Z - [32minfo[39m: HTTP GET /assets/favicon.ico statusCode=304, url=/assets/favicon.ico, if-none-match=W/"2d6-hXhMOHHooQe+xstRJrrAXg", cookie=Idea-6fe188c1=6d558218-ad5c-4b93-a5c2-dee688c62ac6; connect.sid=s%3AsZrzhydIyDTi71REQVtplCYxlo-0KyK2.4VClZAdOuvXV77sutipW1VpJqaA3UE4xjNODEtcJuFc; user=developer%40nationstar.com; name=%20, accept-language=en-US,en;q=0.8, accept-encoding=gzip, deflate, sdch, br, referer=http://localhost:8100/, accept=image/webp,image/*,*/*;q=0.8, user-agent=Mozilla/5.0 (Macintosh; Intel Mac OS X 10_12_2) AppleWebKit/537.36 (KHTML, like Gecko) Chrome/55.0.2883.95 Safari/537.36, connection=close, host=localhost:8100, method=GET, httpVersion=1.1, originalUrl=/assets/favicon.ico, , referer=http://localhost:8100/, requestId=9a3aa008-1be0-4b1a-b986-671e3f06f1ef, userId=developer@nationstar.com, responseTime=337
==> 🌎  Listening on port 3100. Open up http://localhost:3100/ in your browser.
==> 🌎  Listening on port 3100. Open up http://localhost:3100/ in your browser.
==> 🌎  Listening on port 3100. Open up http://localhost:3100/ in your browser.
==> 🌎  Listening on port 3100. Open up http://localhost:3100/ in your browser.
2017-01-06T05:22:24.199Z - [32minfo[39m: HTTP GET / statusCode=304, url=/, if-none-match=W/"2d6-hXhMOHHooQe+xstRJrrAXg", cookie=Idea-6fe188c1=6d558218-ad5c-4b93-a5c2-dee688c62ac6; connect.sid=s%3AsZrzhydIyDTi71REQVtplCYxlo-0KyK2.4VClZAdOuvXV77sutipW1VpJqaA3UE4xjNODEtcJuFc; user=developer%40nationstar.com; name=%20, accept-language=en-US,en;q=0.8, accept-encoding=gzip, deflate, sdch, br, accept=text/html,application/xhtml+xml,application/xml;q=0.9,image/webp,*/*;q=0.8, user-agent=Mozilla/5.0 (Macintosh; Intel Mac OS X 10_12_2) AppleWebKit/537.36 (KHTML, like Gecko) Chrome/55.0.2883.95 Safari/537.36, upgrade-insecure-requests=1, cache-control=max-age=0, connection=close, host=localhost:8100, method=GET, httpVersion=1.1, originalUrl=/, , requestId=88fe6033-12dd-4fad-9cdf-ba509cc6bdd8, userId=developer@nationstar.com, responseTime=269
2017-01-06T05:22:24.378Z - [32minfo[39m: HTTP GET /assets/a54127edf500bd0a1125.hot-update.json statusCode=200, url=/assets/a54127edf500bd0a1125.hot-update.json, cookie=Idea-6fe188c1=6d558218-ad5c-4b93-a5c2-dee688c62ac6; connect.sid=s%3AsZrzhydIyDTi71REQVtplCYxlo-0KyK2.4VClZAdOuvXV77sutipW1VpJqaA3UE4xjNODEtcJuFc; user=developer%40nationstar.com; name=%20, accept-language=en-US,en;q=0.8, accept-encoding=gzip, deflate, sdch, br, referer=http://localhost:8100/, accept=*/*, user-agent=Mozilla/5.0 (Macintosh; Intel Mac OS X 10_12_2) AppleWebKit/537.36 (KHTML, like Gecko) Chrome/55.0.2883.95 Safari/537.36, connection=close, host=localhost:8100, method=GET, httpVersion=1.1, originalUrl=/assets/a54127edf500bd0a1125.hot-update.json, , referer=http://localhost:8100/, requestId=3604042f-4981-48b3-81b5-f6034267fd1f, userId=developer@nationstar.com, responseTime=441
2017-01-06T05:22:25.806Z - [32minfo[39m: HTTP GET /assets/favicon.ico statusCode=304, url=/assets/favicon.ico, if-none-match=W/"2d6-hXhMOHHooQe+xstRJrrAXg", cookie=Idea-6fe188c1=6d558218-ad5c-4b93-a5c2-dee688c62ac6; connect.sid=s%3AsZrzhydIyDTi71REQVtplCYxlo-0KyK2.4VClZAdOuvXV77sutipW1VpJqaA3UE4xjNODEtcJuFc; user=developer%40nationstar.com; name=%20, accept-language=en-US,en;q=0.8, accept-encoding=gzip, deflate, sdch, br, referer=http://localhost:8100/, accept=image/webp,image/*,*/*;q=0.8, user-agent=Mozilla/5.0 (Macintosh; Intel Mac OS X 10_12_2) AppleWebKit/537.36 (KHTML, like Gecko) Chrome/55.0.2883.95 Safari/537.36, connection=close, host=localhost:8100, method=GET, httpVersion=1.1, originalUrl=/assets/favicon.ico, , referer=http://localhost:8100/, requestId=917ffe1f-3380-4501-ba29-18080f76ba3c, userId=developer@nationstar.com, responseTime=414
==> 🌎  Listening on port 3100. Open up http://localhost:3100/ in your browser.
==> 🌎  Listening on port 3100. Open up http://localhost:3100/ in your browser.
==> 🌎  Listening on port 3100. Open up http://localhost:3100/ in your browser.
==> 🌎  Listening on port 3100. Open up http://localhost:3100/ in your browser.
2017-01-06T05:22:45.817Z - [32minfo[39m: HTTP GET / statusCode=304, url=/, if-none-match=W/"2d6-hXhMOHHooQe+xstRJrrAXg", cookie=Idea-6fe188c1=6d558218-ad5c-4b93-a5c2-dee688c62ac6; connect.sid=s%3AsZrzhydIyDTi71REQVtplCYxlo-0KyK2.4VClZAdOuvXV77sutipW1VpJqaA3UE4xjNODEtcJuFc; user=developer%40nationstar.com; name=%20, accept-language=en-US,en;q=0.8, accept-encoding=gzip, deflate, sdch, br, accept=text/html,application/xhtml+xml,application/xml;q=0.9,image/webp,*/*;q=0.8, user-agent=Mozilla/5.0 (Macintosh; Intel Mac OS X 10_12_2) AppleWebKit/537.36 (KHTML, like Gecko) Chrome/55.0.2883.95 Safari/537.36, upgrade-insecure-requests=1, cache-control=max-age=0, connection=close, host=localhost:8100, method=GET, httpVersion=1.1, originalUrl=/, , requestId=aedc28c2-3b48-4a31-87df-aac37698c05c, userId=developer@nationstar.com, responseTime=405
2017-01-06T05:22:46.187Z - [32minfo[39m: HTTP GET /assets/a54127edf500bd0a1125.hot-update.json statusCode=200, url=/assets/a54127edf500bd0a1125.hot-update.json, cookie=Idea-6fe188c1=6d558218-ad5c-4b93-a5c2-dee688c62ac6; connect.sid=s%3AsZrzhydIyDTi71REQVtplCYxlo-0KyK2.4VClZAdOuvXV77sutipW1VpJqaA3UE4xjNODEtcJuFc; user=developer%40nationstar.com; name=%20, accept-language=en-US,en;q=0.8, accept-encoding=gzip, deflate, sdch, br, referer=http://localhost:8100/, accept=*/*, user-agent=Mozilla/5.0 (Macintosh; Intel Mac OS X 10_12_2) AppleWebKit/537.36 (KHTML, like Gecko) Chrome/55.0.2883.95 Safari/537.36, connection=close, host=localhost:8100, method=GET, httpVersion=1.1, originalUrl=/assets/a54127edf500bd0a1125.hot-update.json, , referer=http://localhost:8100/, requestId=1090a4c2-f059-4ddf-8fd6-c190049eca04, userId=developer@nationstar.com, responseTime=360
2017-01-06T05:22:47.233Z - [32minfo[39m: HTTP GET /assets/favicon.ico statusCode=304, url=/assets/favicon.ico, if-none-match=W/"2d6-hXhMOHHooQe+xstRJrrAXg", cookie=Idea-6fe188c1=6d558218-ad5c-4b93-a5c2-dee688c62ac6; connect.sid=s%3AsZrzhydIyDTi71REQVtplCYxlo-0KyK2.4VClZAdOuvXV77sutipW1VpJqaA3UE4xjNODEtcJuFc; user=developer%40nationstar.com; name=%20, accept-language=en-US,en;q=0.8, accept-encoding=gzip, deflate, sdch, br, referer=http://localhost:8100/, accept=image/webp,image/*,*/*;q=0.8, user-agent=Mozilla/5.0 (Macintosh; Intel Mac OS X 10_12_2) AppleWebKit/537.36 (KHTML, like Gecko) Chrome/55.0.2883.95 Safari/537.36, connection=close, host=localhost:8100, method=GET, httpVersion=1.1, originalUrl=/assets/favicon.ico, , referer=http://localhost:8100/, requestId=3c93b9a4-68ca-4a79-b8e4-2928e921b814, userId=developer@nationstar.com, responseTime=20
2017-01-06T05:22:49.154Z - [32minfo[39m: HTTP GET / statusCode=304, url=/, if-none-match=W/"2d6-hXhMOHHooQe+xstRJrrAXg", cookie=Idea-6fe188c1=6d558218-ad5c-4b93-a5c2-dee688c62ac6; connect.sid=s%3AsZrzhydIyDTi71REQVtplCYxlo-0KyK2.4VClZAdOuvXV77sutipW1VpJqaA3UE4xjNODEtcJuFc; user=developer%40nationstar.com; name=%20, accept-language=en-US,en;q=0.8, accept-encoding=gzip, deflate, sdch, br, accept=text/html,application/xhtml+xml,application/xml;q=0.9,image/webp,*/*;q=0.8, user-agent=Mozilla/5.0 (Macintosh; Intel Mac OS X 10_12_2) AppleWebKit/537.36 (KHTML, like Gecko) Chrome/55.0.2883.95 Safari/537.36, upgrade-insecure-requests=1, cache-control=max-age=0, connection=close, host=localhost:8100, method=GET, httpVersion=1.1, originalUrl=/, , requestId=4acf6ed9-6516-4ac8-98b4-81260b0cde42, userId=developer@nationstar.com, responseTime=298
2017-01-06T05:22:50.667Z - [32minfo[39m: HTTP GET /assets/favicon.ico statusCode=304, url=/assets/favicon.ico, if-none-match=W/"2d6-hXhMOHHooQe+xstRJrrAXg", cookie=Idea-6fe188c1=6d558218-ad5c-4b93-a5c2-dee688c62ac6; connect.sid=s%3AsZrzhydIyDTi71REQVtplCYxlo-0KyK2.4VClZAdOuvXV77sutipW1VpJqaA3UE4xjNODEtcJuFc; user=developer%40nationstar.com; name=%20, accept-language=en-US,en;q=0.8, accept-encoding=gzip, deflate, sdch, br, referer=http://localhost:8100/, accept=image/webp,image/*,*/*;q=0.8, user-agent=Mozilla/5.0 (Macintosh; Intel Mac OS X 10_12_2) AppleWebKit/537.36 (KHTML, like Gecko) Chrome/55.0.2883.95 Safari/537.36, connection=close, host=localhost:8100, method=GET, httpVersion=1.1, originalUrl=/assets/favicon.ico, , referer=http://localhost:8100/, requestId=0ed0bb26-5d52-4996-bd1a-3373c29f69c8, userId=developer@nationstar.com, responseTime=451
==> 🌎  Listening on port 3100. Open up http://localhost:3100/ in your browser.
==> 🌎  Listening on port 3100. Open up http://localhost:3100/ in your browser.
==> 🌎  Listening on port 3100. Open up http://localhost:3100/ in your browser.
==> 🌎  Listening on port 3100. Open up http://localhost:3100/ in your browser.
2017-01-06T05:23:03.601Z - [32minfo[39m: HTTP GET /favicon.ico statusCode=200, url=/favicon.ico, cookie=Idea-6fe188c1=6d558218-ad5c-4b93-a5c2-dee688c62ac6; connect.sid=s%3AsZrzhydIyDTi71REQVtplCYxlo-0KyK2.4VClZAdOuvXV77sutipW1VpJqaA3UE4xjNODEtcJuFc; user=developer%40nationstar.com; name=%20, accept-language=en-US,en;q=0.8, accept-encoding=gzip, deflate, sdch, br, referer=http://localhost:8100/, accept=image/webp,image/*,*/*;q=0.8, user-agent=Mozilla/5.0 (Macintosh; Intel Mac OS X 10_12_2) AppleWebKit/537.36 (KHTML, like Gecko) Chrome/55.0.2883.95 Safari/537.36, connection=close, host=localhost:8100, method=GET, httpVersion=1.1, originalUrl=/favicon.ico, , referer=http://localhost:8100/, requestId=a7583570-20f8-46aa-832a-79055cc2cbfb, userId=developer@nationstar.com, responseTime=341
==> 🌎  Listening on port 3100. Open up http://localhost:3100/ in your browser.
==> 🌎  Listening on port 3100. Open up http://localhost:3100/ in your browser.
==> 🌎  Listening on port 3100. Open up http://localhost:3100/ in your browser.
==> 🌎  Listening on port 3100. Open up http://localhost:3100/ in your browser.
==> 🌎  Listening on port 3100. Open up http://localhost:3100/ in your browser.
==> 🌎  Listening on port 3100. Open up http://localhost:3100/ in your browser.
==> 🌎  Listening on port 3100. Open up http://localhost:3100/ in your browser.
==> 🌎  Listening on port 3100. Open up http://localhost:3100/ in your browser.
2017-01-06T05:23:57.018Z - [32minfo[39m: HTTP GET / statusCode=200, url=/, cookie=Idea-6fe188c1=6d558218-ad5c-4b93-a5c2-dee688c62ac6; connect.sid=s%3AsZrzhydIyDTi71REQVtplCYxlo-0KyK2.4VClZAdOuvXV77sutipW1VpJqaA3UE4xjNODEtcJuFc; user=developer%40nationstar.com; name=%20, accept-language=en-US,en;q=0.8, accept-encoding=gzip, deflate, sdch, br, accept=text/html,application/xhtml+xml,application/xml;q=0.9,image/webp,*/*;q=0.8, user-agent=Mozilla/5.0 (Macintosh; Intel Mac OS X 10_12_2) AppleWebKit/537.36 (KHTML, like Gecko) Chrome/55.0.2883.95 Safari/537.36, upgrade-insecure-requests=1, cache-control=max-age=0, connection=close, host=localhost:8100, method=GET, httpVersion=1.1, originalUrl=/, , requestId=7202732f-ddeb-44d8-9fb2-bd2f4aef6093, userId=developer@nationstar.com, responseTime=288
2017-01-06T05:23:58.466Z - [32minfo[39m: HTTP GET /assets/favicon.ico statusCode=304, url=/assets/favicon.ico, if-none-match=W/"2d6-hXhMOHHooQe+xstRJrrAXg", cookie=Idea-6fe188c1=6d558218-ad5c-4b93-a5c2-dee688c62ac6; connect.sid=s%3AsZrzhydIyDTi71REQVtplCYxlo-0KyK2.4VClZAdOuvXV77sutipW1VpJqaA3UE4xjNODEtcJuFc; user=developer%40nationstar.com; name=%20, accept-language=en-US,en;q=0.8, accept-encoding=gzip, deflate, sdch, br, referer=http://localhost:8100/, accept=image/webp,image/*,*/*;q=0.8, user-agent=Mozilla/5.0 (Macintosh; Intel Mac OS X 10_12_2) AppleWebKit/537.36 (KHTML, like Gecko) Chrome/55.0.2883.95 Safari/537.36, connection=close, host=localhost:8100, method=GET, httpVersion=1.1, originalUrl=/assets/favicon.ico, , referer=http://localhost:8100/, requestId=3f93b737-2de2-4589-bef6-7c985ac1842c, userId=developer@nationstar.com, responseTime=286
==> 🌎  Listening on port 3100. Open up http://localhost:3100/ in your browser.
==> 🌎  Listening on port 3100. Open up http://localhost:3100/ in your browser.
==> 🌎  Listening on port 3100. Open up http://localhost:3100/ in your browser.
==> 🌎  Listening on port 3100. Open up http://localhost:3100/ in your browser.
2017-01-06T05:24:13.027Z - [32minfo[39m: HTTP GET /favicon.ico statusCode=304, url=/favicon.ico, if-none-match=W/"2d6-hXhMOHHooQe+xstRJrrAXg", cookie=Idea-6fe188c1=6d558218-ad5c-4b93-a5c2-dee688c62ac6; connect.sid=s%3AsZrzhydIyDTi71REQVtplCYxlo-0KyK2.4VClZAdOuvXV77sutipW1VpJqaA3UE4xjNODEtcJuFc; user=developer%40nationstar.com; name=%20, accept-language=en-US,en;q=0.8, accept-encoding=gzip, deflate, sdch, br, referer=http://localhost:8100/, accept=image/webp,image/*,*/*;q=0.8, user-agent=Mozilla/5.0 (Macintosh; Intel Mac OS X 10_12_2) AppleWebKit/537.36 (KHTML, like Gecko) Chrome/55.0.2883.95 Safari/537.36, connection=close, host=localhost:8100, method=GET, httpVersion=1.1, originalUrl=/favicon.ico, , referer=http://localhost:8100/, requestId=f3dbb654-38d6-41b8-be46-692cec7bb6fe, userId=developer@nationstar.com, responseTime=279
2017-01-06T05:24:18.091Z - [32minfo[39m: HTTP GET / statusCode=200, url=/, cookie=Idea-6fe188c1=6d558218-ad5c-4b93-a5c2-dee688c62ac6; connect.sid=s%3AsZrzhydIyDTi71REQVtplCYxlo-0KyK2.4VClZAdOuvXV77sutipW1VpJqaA3UE4xjNODEtcJuFc; user=developer%40nationstar.com; name=%20, accept-language=en-US,en;q=0.8, accept-encoding=gzip, deflate, sdch, br, accept=text/html,application/xhtml+xml,application/xml;q=0.9,image/webp,*/*;q=0.8, user-agent=Mozilla/5.0 (Macintosh; Intel Mac OS X 10_12_2) AppleWebKit/537.36 (KHTML, like Gecko) Chrome/55.0.2883.95 Safari/537.36, upgrade-insecure-requests=1, cache-control=max-age=0, connection=close, host=localhost:8100, method=GET, httpVersion=1.1, originalUrl=/, , requestId=e86336bc-f664-4c81-ab39-8e4801fbb5ac, userId=developer@nationstar.com, responseTime=218
2017-01-06T05:24:19.301Z - [32minfo[39m: HTTP GET /assets/favicon.ico statusCode=304, url=/assets/favicon.ico, if-none-match=W/"2d6-hXhMOHHooQe+xstRJrrAXg", cookie=Idea-6fe188c1=6d558218-ad5c-4b93-a5c2-dee688c62ac6; connect.sid=s%3AsZrzhydIyDTi71REQVtplCYxlo-0KyK2.4VClZAdOuvXV77sutipW1VpJqaA3UE4xjNODEtcJuFc; user=developer%40nationstar.com; name=%20, accept-language=en-US,en;q=0.8, accept-encoding=gzip, deflate, sdch, br, referer=http://localhost:8100/, accept=image/webp,image/*,*/*;q=0.8, user-agent=Mozilla/5.0 (Macintosh; Intel Mac OS X 10_12_2) AppleWebKit/537.36 (KHTML, like Gecko) Chrome/55.0.2883.95 Safari/537.36, connection=close, host=localhost:8100, method=GET, httpVersion=1.1, originalUrl=/assets/favicon.ico, , referer=http://localhost:8100/, requestId=5cf9c645-a14b-44e3-938e-1c0e93ebecc9, userId=developer@nationstar.com, responseTime=296
==> 🌎  Listening on port 3100. Open up http://localhost:3100/ in your browser.
==> 🌎  Listening on port 3100. Open up http://localhost:3100/ in your browser.
==> 🌎  Listening on port 3100. Open up http://localhost:3100/ in your browser.
==> 🌎  Listening on port 3100. Open up http://localhost:3100/ in your browser.
==> 🌎  Listening on port 3100. Open up http://localhost:3100/ in your browser.
==> 🌎  Listening on port 3100. Open up http://localhost:3100/ in your browser.
==> 🌎  Listening on port 3100. Open up http://localhost:3100/ in your browser.
==> 🌎  Listening on port 3100. Open up http://localhost:3100/ in your browser.
==> 🌎  Listening on port 3100. Open up http://localhost:3100/ in your browser.
==> 🌎  Listening on port 3100. Open up http://localhost:3100/ in your browser.
==> 🌎  Listening on port 3100. Open up http://localhost:3100/ in your browser.
==> 🌎  Listening on port 3100. Open up http://localhost:3100/ in your browser.
==> 🌎  Listening on port 3100. Open up http://localhost:3100/ in your browser.
==> 🌎  Listening on port 3100. Open up http://localhost:3100/ in your browser.
==> 🌎  Listening on port 3100. Open up http://localhost:3100/ in your browser.
==> 🌎  Listening on port 3100. Open up http://localhost:3100/ in your browser.
==> 🌎  Listening on port 3100. Open up http://localhost:3100/ in your browser.
==> 🌎  Listening on port 3100. Open up http://localhost:3100/ in your browser.
==> 🌎  Listening on port 3100. Open up http://localhost:3100/ in your browser.
==> 🌎  Listening on port 3100. Open up http://localhost:3100/ in your browser.
